This is pdfTeX, Version 3.1415926-2.5-1.40.14 (MiKTeX 2.9) (preloaded format=pdflatex 2015.4.5)  13 DEC 2015 14:29
entering extended mode
**draft_matt_20151212.tex
(C:\Users\zcao\Documents\Latex\Thesis\draft_matt_20151212.tex
LaTeX2e <2014/05/01>
Babel <3.9k> and hyphenation patterns for 68 languages loaded.
("C:\Program Files (x86)\MiKTeX 2.9\tex\latex\base\report.cls"
Document Class: report 2007/10/19 v1.4h Standard LaTeX document class
("C:\Program Files (x86)\MiKTeX 2.9\tex\latex\base\size12.clo"
File: size12.clo 2007/10/19 v1.4h Standard LaTeX file (size option)
)
\c@part=\count79
\c@chapter=\count80
\c@section=\count81
\c@subsection=\count82
\c@subsubsection=\count83
\c@paragraph=\count84
\c@subparagraph=\count85
\c@figure=\count86
\c@table=\count87
\abovecaptionskip=\skip41
\belowcaptionskip=\skip42
\bibindent=\dimen102
)
(C:\Users\zcao\Documents\Latex\Thesis\otagothesis.sty
Package: otagothesis 1998/02/03 v0.99 Otago's A4 based page layout
)
("C:\Program Files (x86)\MiKTeX 2.9\tex\latex\natbib\natbib.sty"
Package: natbib 2010/09/13 8.31b (PWD, AO)
\bibhang=\skip43
\bibsep=\skip44
LaTeX Info: Redefining \cite on input line 694.
\c@NAT@ctr=\count88
)
("C:\Program Files (x86)\MiKTeX 2.9\tex\latex\graphics\graphicx.sty"
Package: graphicx 2014/04/25 v1.0g Enhanced LaTeX Graphics (DPC,SPQR)

("C:\Program Files (x86)\MiKTeX 2.9\tex\latex\graphics\keyval.sty"
Package: keyval 2014/05/08 v1.15 key=value parser (DPC)
\KV@toks@=\toks14
)
("C:\Program Files (x86)\MiKTeX 2.9\tex\latex\graphics\graphics.sty"
Package: graphics 2009/02/05 v1.0o Standard LaTeX Graphics (DPC,SPQR)

("C:\Program Files (x86)\MiKTeX 2.9\tex\latex\graphics\trig.sty"
Package: trig 1999/03/16 v1.09 sin cos tan (DPC)
)
("C:\Program Files (x86)\MiKTeX 2.9\tex\latex\00miktex\graphics.cfg"
File: graphics.cfg 2007/01/18 v1.5 graphics configuration of teTeX/TeXLive
)
Package graphics Info: Driver file: pdftex.def on input line 91.

("C:\Program Files (x86)\MiKTeX 2.9\tex\latex\pdftex-def\pdftex.def"
File: pdftex.def 2011/05/27 v0.06d Graphics/color for pdfTeX

("C:\Program Files (x86)\MiKTeX 2.9\tex\generic\oberdiek\infwarerr.sty"
Package: infwarerr 2010/04/08 v1.3 Providing info/warning/error messages (HO)
)
("C:\Program Files (x86)\MiKTeX 2.9\tex\generic\oberdiek\ltxcmds.sty"
Package: ltxcmds 2011/11/09 v1.22 LaTeX kernel commands for general use (HO)
)
\Gread@gobject=\count89
))
\Gin@req@height=\dimen103
\Gin@req@width=\dimen104
)
("C:\Program Files (x86)\MiKTeX 2.9\tex\latex\moreverb\moreverb.sty"
Package: moreverb 2008/06/03 v2.3a `more' verbatim facilities

("C:\Program Files (x86)\MiKTeX 2.9\tex\latex\tools\verbatim.sty"
Package: verbatim 2003/08/22 v1.5q LaTeX2e package for verbatim enhancements
\every@verbatim=\toks15
\verbatim@line=\toks16
\verbatim@in@stream=\read1
)
\tab@position=\count90
\tab@size=\count91
\listing@line=\count92
)
("C:\Program Files (x86)\MiKTeX 2.9\tex\latex\amsmath\amsmath.sty"
Package: amsmath 2013/01/14 v2.14 AMS math features
\@mathmargin=\skip45

For additional information on amsmath, use the `?' option.
("C:\Program Files (x86)\MiKTeX 2.9\tex\latex\amsmath\amstext.sty"
Package: amstext 2000/06/29 v2.01

("C:\Program Files (x86)\MiKTeX 2.9\tex\latex\amsmath\amsgen.sty"
File: amsgen.sty 1999/11/30 v2.0
\@emptytoks=\toks17
\ex@=\dimen105
))
("C:\Program Files (x86)\MiKTeX 2.9\tex\latex\amsmath\amsbsy.sty"
Package: amsbsy 1999/11/29 v1.2d
\pmbraise@=\dimen106
)
("C:\Program Files (x86)\MiKTeX 2.9\tex\latex\amsmath\amsopn.sty"
Package: amsopn 1999/12/14 v2.01 operator names
)
\inf@bad=\count93
LaTeX Info: Redefining \frac on input line 210.
\uproot@=\count94
\leftroot@=\count95
LaTeX Info: Redefining \overline on input line 306.
\classnum@=\count96
\DOTSCASE@=\count97
LaTeX Info: Redefining \ldots on input line 378.
LaTeX Info: Redefining \dots on input line 381.
LaTeX Info: Redefining \cdots on input line 466.
\Mathstrutbox@=\box26
\strutbox@=\box27
\big@size=\dimen107
LaTeX Font Info:    Redeclaring font encoding OML on input line 566.
LaTeX Font Info:    Redeclaring font encoding OMS on input line 567.
\macc@depth=\count98
\c@MaxMatrixCols=\count99
\dotsspace@=\muskip10
\c@parentequation=\count100
\dspbrk@lvl=\count101
\tag@help=\toks18
\row@=\count102
\column@=\count103
\maxfields@=\count104
\andhelp@=\toks19
\eqnshift@=\dimen108
\alignsep@=\dimen109
\tagshift@=\dimen110
\tagwidth@=\dimen111
\totwidth@=\dimen112
\lineht@=\dimen113
\@envbody=\toks20
\multlinegap=\skip46
\multlinetaggap=\skip47
\mathdisplay@stack=\toks21
LaTeX Info: Redefining \[ on input line 2665.
LaTeX Info: Redefining \] on input line 2666.
)
("C:\Program Files (x86)\MiKTeX 2.9\tex\latex\amsfonts\amssymb.sty"
Package: amssymb 2013/01/14 v3.01 AMS font symbols

("C:\Program Files (x86)\MiKTeX 2.9\tex\latex\amsfonts\amsfonts.sty"
Package: amsfonts 2013/01/14 v3.01 Basic AMSFonts support
\symAMSa=\mathgroup4
\symAMSb=\mathgroup5
LaTeX Font Info:    Overwriting math alphabet `\mathfrak' in version `bold'
(Font)                  U/euf/m/n --> U/euf/b/n on input line 106.
))
("C:\Program Files (x86)\MiKTeX 2.9\tex\latex\amscls\amsthm.sty"
Package: amsthm 2009/07/02 v2.20.1
\thm@style=\toks22
\thm@bodyfont=\toks23
\thm@headfont=\toks24
\thm@notefont=\toks25
\thm@headpunct=\toks26
\thm@preskip=\skip48
\thm@postskip=\skip49
\thm@headsep=\skip50
\dth@everypar=\toks27
)
("C:\Program Files (x86)\MiKTeX 2.9\tex\latex\jknappen\mathrsfs.sty"
Package: mathrsfs 1996/01/01 Math RSFS package v1.0 (jk)
\symrsfs=\mathgroup6
)
("C:\Program Files (x86)\MiKTeX 2.9\tex\latex\graphics\color.sty"
Package: color 2014/04/23 v1.1a Standard LaTeX Color (DPC)

("C:\Program Files (x86)\MiKTeX 2.9\tex\latex\00miktex\color.cfg"
File: color.cfg 2007/01/18 v1.5 color configuration of teTeX/TeXLive
)
Package color Info: Driver file: pdftex.def on input line 137.
)
("C:\Program Files (x86)\MiKTeX 2.9\tex\latex\tools\enumerate.sty"
Package: enumerate 1999/03/05 v3.00 enumerate extensions (DPC)
\@enLab=\toks28
)
\c@lemma=\count105
\c@theorem=\count106

(C:\Users\zcao\Documents\Latex\Thesis\draft_matt_20151212.aux
(C:\Users\zcao\Documents\Latex\Thesis\Intro_v2_matt_20151212.aux

LaTeX Warning: Label `etaeq' multiply defined.


LaTeX Warning: Label `etaeq2' multiply defined.


LaTeX Warning: Label `matrixeq' multiply defined.

)
(C:\Users\zcao\Documents\Latex\Thesis\Appendices/Diffraction_Transfer_Matrix/DT
M.aux

LaTeX Warning: Label `matrixD' multiply defined.

))
LaTeX Font Info:    Checking defaults for OML/cmm/m/it on input line 55.
LaTeX Font Info:    ... okay on input line 55.
LaTeX Font Info:    Checking defaults for T1/cmr/m/n on input line 55.
LaTeX Font Info:    ... okay on input line 55.
LaTeX Font Info:    Checking defaults for OT1/cmr/m/n on input line 55.
LaTeX Font Info:    ... okay on input line 55.
LaTeX Font Info:    Checking defaults for OMS/cmsy/m/n on input line 55.
LaTeX Font Info:    ... okay on input line 55.
LaTeX Font Info:    Checking defaults for OMX/cmex/m/n on input line 55.
LaTeX Font Info:    ... okay on input line 55.
LaTeX Font Info:    Checking defaults for U/cmr/m/n on input line 55.
LaTeX Font Info:    ... okay on input line 55.
 ("C:\Program Files (x86)\MiKTeX 2.9\tex\context\base\supp-pdf.mkii"
[Loading MPS to PDF converter (version 2006.09.02).]
\scratchcounter=\count107
\scratchdimen=\dimen114
\scratchbox=\box28
\nofMPsegments=\count108
\nofMParguments=\count109
\everyMPshowfont=\toks29
\MPscratchCnt=\count110
\MPscratchDim=\dimen115
\MPnumerator=\count111
\makeMPintoPDFobject=\count112
\everyMPtoPDFconversion=\toks30
)
LaTeX Font Info:    Try loading font information for U+msa on input line 59.
 ("C:\Program Files (x86)\MiKTeX 2.9\tex\latex\amsfonts\umsa.fd"
File: umsa.fd 2013/01/14 v3.01 AMS symbols A
)
LaTeX Font Info:    Try loading font information for U+msb on input line 59.

("C:\Program Files (x86)\MiKTeX 2.9\tex\latex\amsfonts\umsb.fd"
File: umsb.fd 2013/01/14 v3.01 AMS symbols B
)
LaTeX Font Info:    Try loading font information for U+rsfs on input line 59.

("C:\Program Files (x86)\MiKTeX 2.9\tex\latex\jknappen\ursfs.fd"
File: ursfs.fd 1998/03/24 rsfs font definition file (jk)
) [1

{C:/Users/zcao/AppData/Local/MiKTeX/2.9/pdftex/config/pdftex.map}] [2

]
(C:\Users\zcao\Documents\Latex\Thesis\draft_matt_20151212.toc)
\tf@toc=\write3
 [3





] [4


]
(C:\Users\zcao\Documents\Latex\Thesis\draft_matt_20151212.lot)
\tf@lot=\write4
 [5

] [6


]
(C:\Users\zcao\Documents\Latex\Thesis\draft_matt_20151212.lof)
\tf@lof=\write5
 [7

] [8


]
(C:\Users\zcao\Documents\Latex\Thesis\Intro_v2_matt_20151212.tex
Overfull \hbox (10.36118pt too wide) in paragraph at lines 22--22
[] 
 []

[1

] [2]
LaTeX Font Info:    Try loading font information for OMS+cmr on input line 126.

 ("C:\Program Files (x86)\MiKTeX 2.9\tex\latex\base\omscmr.fd"
File: omscmr.fd 1999/05/25 v2.5h Standard LaTeX font definitions
)
LaTeX Font Info:    Font shape `OMS/cmr/bx/n' in size <12> not available
(Font)              Font shape `OMS/cmsy/b/n' tried instead on input line 126.
 [3]
[4]
Underfull \vbox (badness 3323) has occurred while \output is active []

 [5]
[6]
Overfull \hbox (13.91586pt too wide) in paragraph at lines 273--275
\OT1/cmr/m/n/12 where $\OML/cmm/m/it/12 "$ \OT1/cmr/m/n/12 is zero-mean Gaus-si
an noise. A Gaus-sian pro-cess prior over $\OML/cmm/m/it/12 f \OMS/cmsy/m/n/12 
 \OML/cmm/m/it/12 GP\OT1/cmr/m/n/12 (\OML/cmm/m/it/12 m\OT1/cmr/m/n/12 (\OML/c
mm/m/it/12 t\OT1/cmr/m/n/12 )\OML/cmm/m/it/12 ; K\OT1/cmr/m/n/12 (\OML/cmm/m/it
/12 s; t\OT1/cmr/m/n/12 ))$
 []

[7]
Overfull \hbox (82.32968pt too wide) in paragraph at lines 330--331
[]\OT1/cmr/m/n/12 We have $2\OML/cmm/m/it/12 n$ \OT1/cmr/m/n/12 ba-sis func-tio
ns and $\OML/cmm/m/it/12 n$ \OT1/cmr/m/n/12 knots. Then choose $\OML/cmm/m/it/1
2 t[]; []; t[]; []; []  ; t[]; []; []; t[]$
 []


Overfull \hbox (38.91917pt too wide) detected at line 348
\OML/cmm/m/it/12 D\OT1/cmr/m/n/12 (\OML/cmm/m/it/12 c[]; c[]; []  ; c[]\OT1/cmr
/m/n/12 ) = [] = [] \OML/cmm/m/it/12 ;
 []


Overfull \hbox (10.70633pt too wide) in paragraph at lines 348--369
\OT1/cmr/m/n/12 where $\OML/cmm/m/it/12 D\OT1/cmr/m/n/12 (\OML/cmm/m/it/12 c[];
 c[]; []  ; c[]\OT1/cmr/m/n/12 ) = []$, and $\OML/cmm/m/it/12 a[] \OMS/cmsy/m/n
/12 6\OT1/cmr/m/n/12 =$
 []


Underfull \vbox (badness 10000) has occurred while \output is active []

 [8]
[9]
Overfull \hbox (18.61284pt too wide) in paragraph at lines 410--410
[] 
 []

[10] <n2i.jpeg, id=74, 988.69376pt x 464.73625pt>
File: n2i.jpeg Graphic file (type jpg)
 <use n2i.jpeg>
Package pdftex.def Info: n2i.jpeg used on input line 443.
(pdftex.def)             Requested size: 441.01584pt x 256.08084pt.
 [11 <C:/Users/zcao/Documents/Latex/Thesis/n2i.jpeg>] [12] [13]
Overfull \hbox (10.65657pt too wide) in paragraph at lines 554--554
[] 
 []

[14]) [15] [16



] (C:\Users\zcao\Documents\Latex\Thesis\draft_matt_20151212.bbl)
[17

] [18


]
(C:\Users\zcao\Documents\Latex\Thesis\Appendices/Diffraction_Transfer_Matrix/DT
M.tex

LaTeX Warning: Reference `tractormse' on page 19 undefined on input line 2.


Underfull \vbox (badness 10000) has occurred while \output is active []

 [19

]

LaTeX Warning: Reference `basisindependent' on page 20 undefined on input line 
42.


Overfull \hbox (19.47357pt too wide) in paragraph at lines 47--48
[]\OT1/cmr/m/n/12 We have $2\OML/cmm/m/it/12 n$ \OT1/cmr/m/n/12 ba-sis func-tio
ns and $\OML/cmm/m/it/12 n$ \OT1/cmr/m/n/12 knots. Then choose $\OML/cmm/m/it/1
2 t[]; []; t[]; []; []  ; t[]; []$\OT1/cmr/m/n/12 ,
 []


Overfull \hbox (38.91917pt too wide) detected at line 65
\OML/cmm/m/it/12 D\OT1/cmr/m/n/12 (\OML/cmm/m/it/12 c[]; c[]; []  ; c[]\OT1/cmr
/m/n/12 ) = [] = [] \OML/cmm/m/it/12 ;
 []

[20] [21]
Overfull \hbox (18.61284pt too wide) in paragraph at lines 127--127
[] 
 []

[22]) [23] [24



] (C:\Users\zcao\Documents\Latex\Thesis\draft_matt_20151212.aux
(C:\Users\zcao\Documents\Latex\Thesis\Intro_v2_matt_20151212.aux)
(C:\Users\zcao\Documents\Latex\Thesis\Appendices/Diffraction_Transfer_Matrix/DT
M.aux))

LaTeX Warning: There were undefined references.


LaTeX Warning: There were multiply-defined labels.

 ) 
Here is how much of TeX's memory you used:
 2801 strings out of 493706
 36562 string characters out of 3142169
 109910 words of memory out of 3000000
 6055 multiletter control sequences out of 15000+200000
 15018 words of font info for 58 fonts, out of 3000000 for 9000
 1025 hyphenation exceptions out of 8191
 27i,16n,26p,737b,251s stack positions out of 5000i,500n,10000p,200000b,50000s
<C:/Program Files (x86)/MiKTeX 2.9/fonts/type1/public/amsfonts/cm/cmbsy10.pfb
><C:/Program Files (x86)/MiKTeX 2.9/fonts/type1/public/amsfonts/cm/cmbx12.pfb><
C:/Program Files (x86)/MiKTeX 2.9/fonts/type1/public/amsfonts/cm/cmex10.pfb><C:
/Program Files (x86)/MiKTeX 2.9/fonts/type1/public/amsfonts/cm/cmmi12.pfb><C:/P
rogram Files (x86)/MiKTeX 2.9/fonts/type1/public/amsfonts/cm/cmmi6.pfb><C:/Prog
ram Files (x86)/MiKTeX 2.9/fonts/type1/public/amsfonts/cm/cmmi8.pfb><C:/Program
 Files (x86)/MiKTeX 2.9/fonts/type1/public/amsfonts/cm/cmr12.pfb><C:/Program Fi
les (x86)/MiKTeX 2.9/fonts/type1/public/amsfonts/cm/cmr17.pfb><C:/Program Files
 (x86)/MiKTeX 2.9/fonts/type1/public/amsfonts/cm/cmr6.pfb><C:/Program Files (x8
6)/MiKTeX 2.9/fonts/type1/public/amsfonts/cm/cmr8.pfb><C:/Program Files (x86)/M
iKTeX 2.9/fonts/type1/public/amsfonts/cm/cmsy10.pfb><C:/Program Files (x86)/MiK
TeX 2.9/fonts/type1/public/amsfonts/cm/cmsy6.pfb><C:/Program Files (x86)/MiKTeX
 2.9/fonts/type1/public/amsfonts/cm/cmsy8.pfb><C:/Program Files (x86)/MiKTeX 2.
9/fonts/type1/public/amsfonts/cm/cmti12.pfb><C:/Program Files (x86)/MiKTeX 2.9/
fonts/type1/public/amsfonts/symbols/msam10.pfb><C:/Program Files (x86)/MiKTeX 2
.9/fonts/type1/public/amsfonts/symbols/msbm10.pfb>
Output written on draft_matt_20151212.pdf (32 pages, 326380 bytes).
PDF statistics:
 170 PDF objects out of 1000 (max. 8388607)
 0 named destinations out of 1000 (max. 500000)
 6 words of extra memory for PDF output out of 10000 (max. 10000000)

